# JRE version: OpenJDK Runtime Environment AdoptOpenJDK-16.0.1+9 (16.0.1+9) (build 16.0.1+9)
# Java VM: OpenJDK 64-Bit Server VM AdoptOpenJDK-16.0.1+9 (16.0.1+9, mixed mode, sharing, tiered, compressed oops, compressed class ptrs, g1 gc, windows-amd64)
GC Precious Log:
 CPUs: 8 total, 8 available
 Memory: 8108M
 Large Page Support: Disabled
 NUMA Support: Disabled
 Compressed Oops: Enabled (32-bit)
 Heap Region Size: 1M
 Heap Min Capacity: 8M
 Heap Initial Capacity: 128M
 Heap Max Capacity: 2028M
 Pre-touch: Disabled
 Parallel Workers: 8
 Concurrent Workers: 2
 Concurrent Refinement Workers: 8
 Periodic GC: Disabled
Heap:
 garbage-first heap   total 504832K, used 272623K [0x0000000081400000, 0x0000000100000000)
  region size 1024K, 3 young (3072K), 3 survivors (3072K)
 Metaspace       used 5617K, committed 5824K, reserved 1056768K
  class space    used 563K, committed 704K, reserved 1048576K
GC Heap History (20 events):
Event: 0.821 GC heap after
{Heap after GC invocations=1 (full 0):
 garbage-first heap   total 131072K, used 52208K [0x0000000081400000, 0x0000000100000000)
  region size 1024K, 2 young (2048K), 2 survivors (2048K)
 Metaspace       used 5613K, committed 5824K, reserved 1056768K
  class space    used 561K, committed 704K, reserved 1048576K
}
Event: 0.863 GC heap before
{Heap before GC invocations=1 (full 0):
 garbage-first heap   total 131072K, used 69616K [0x0000000081400000, 0x0000000100000000)
  region size 1024K, 3 young (3072K), 2 survivors (2048K)
 Metaspace       used 5613K, committed 5824K, reserved 1056768K
  class space    used 561K, committed 704K, reserved 1048576K
}
Event: 0.868 GC heap after
{Heap after GC invocations=2 (full 0):
 garbage-first heap   total 131072K, used 69811K [0x0000000081400000, 0x0000000100000000)
  region size 1024K, 3 young (3072K), 3 survivors (3072K)
 Metaspace       used 5613K, committed 5824K, reserved 1056768K
  class space    used 561K, committed 704K, reserved 1048576K
}
Event: 0.922 GC heap before
{Heap before GC invocations=3 (full 0):
 garbage-first heap   total 131072K, used 79027K [0x0000000081400000, 0x0000000100000000)
  region size 1024K, 8 young (8192K), 3 survivors (3072K)
 Metaspace       used 5613K, committed 5824K, reserved 1056768K
  class space    used 561K, committed 704K, reserved 1048576K
}
Event: 0.926 GC heap after
{Heap after GC invocations=4 (full 0):
 garbage-first heap   total 131072K, used 74944K [0x0000000081400000, 0x0000000100000000)
  region size 1024K, 3 young (3072K), 3 survivors (3072K)
 Metaspace       used 5613K, committed 5824K, reserved 1056768K
  class space    used 561K, committed 704K, reserved 1048576K
}
Event: 0.966 GC heap before
{Heap before GC invocations=5 (full 0):
 garbage-first heap   total 155648K, used 92352K [0x0000000081400000, 0x0000000100000000)
  region size 1024K, 4 young (4096K), 3 survivors (3072K)
 Metaspace       used 5613K, committed 5824K, reserved 1056768K
  class space    used 561K, committed 704K, reserved 1048576K
}
Event: 0.971 GC heap after
{Heap after GC invocations=6 (full 0):
 garbage-first heap   total 155648K, used 92357K [0x0000000081400000, 0x0000000100000000)
  region size 1024K, 3 young (3072K), 3 survivors (3072K)
 Metaspace       used 5613K, committed 5824K, reserved 1056768K
  class space    used 561K, committed 704K, reserved 1048576K
}
Event: 1.031 GC heap before
{Heap before GC invocations=7 (full 0):
 garbage-first heap   total 163840K, used 101573K [0x0000000081400000, 0x0000000100000000)
  region size 1024K, 8 young (8192K), 3 survivors (3072K)
 Metaspace       used 5613K, committed 5824K, reserved 1056768K
  class space    used 561K, committed 704K, reserved 1048576K
}
Event: 1.035 GC heap after
{Heap after GC invocations=8 (full 0):
 garbage-first heap   total 163840K, used 97380K [0x0000000081400000, 0x0000000100000000)
  region size 1024K, 3 young (3072K), 3 survivors (3072K)
 Metaspace       used 5613K, committed 5824K, reserved 1056768K
  class space    used 561K, committed 704K, reserved 1048576K
}
Event: 1.074 GC heap before
{Heap before GC invocations=9 (full 0):
 garbage-first heap   total 193536K, used 114788K [0x0000000081400000, 0x0000000100000000)
  region size 1024K, 4 young (4096K), 3 survivors (3072K)
 Metaspace       used 5613K, committed 5824K, reserved 1056768K
  class space    used 561K, committed 704K, reserved 1048576K
}
Event: 1.083 GC heap after
{Heap after GC invocations=10 (full 0):
 garbage-first heap   total 504832K, used 114983K [0x0000000081400000, 0x0000000100000000)
  region size 1024K, 3 young (3072K), 3 survivors (3072K)
 Metaspace       used 5613K, committed 5824K, reserved 1056768K
  class space    used 561K, committed 704K, reserved 1048576K
}
Event: 1.373 GC heap before
{Heap before GC invocations=10 (full 0):
 garbage-first heap   total 504832K, used 249127K [0x0000000081400000, 0x0000000100000000)
  region size 1024K, 25 young (25600K), 3 survivors (3072K)
 Metaspace       used 5616K, committed 5824K, reserved 1056768K
  class space    used 562K, committed 704K, reserved 1048576K
}
Event: 1.376 GC heap after
{Heap after GC invocations=11 (full 0):
 garbage-first heap   total 504832K, used 227579K [0x0000000081400000, 0x0000000100000000)
  region size 1024K, 3 young (3072K), 3 survivors (3072K)
 Metaspace       used 5616K, committed 5824K, reserved 1056768K
  class space    used 562K, committed 704K, reserved 1048576K
}
Event: 1.412 GC heap before
{Heap before GC invocations=11 (full 0):
 garbage-first heap   total 504832K, used 236795K [0x0000000081400000, 0x0000000100000000)
  region size 1024K, 8 young (8192K), 3 survivors (3072K)
 Metaspace       used 5616K, committed 5824K, reserved 1056768K
  class space    used 562K, committed 704K, reserved 1048576K
}
Event: 1.414 GC heap after
{Heap after GC invocations=12 (full 0):
 garbage-first heap   total 504832K, used 232546K [0x0000000081400000, 0x0000000100000000)
  region size 1024K, 3 young (3072K), 3 survivors (3072K)
 Metaspace       used 5616K, committed 5824K, reserved 1056768K
  class space    used 562K, committed 704K, reserved 1048576K
}
Event: 1.450 GC heap before
{Heap before GC invocations=13 (full 0):
 garbage-first heap   total 504832K, used 249954K [0x0000000081400000, 0x0000000100000000)
  region size 1024K, 4 young (4096K), 3 survivors (3072K)
 Metaspace       used 5616K, committed 5824K, reserved 1056768K
  class space    used 562K, committed 704K, reserved 1048576K
}
Event: 1.453 GC heap after
{Heap after GC invocations=14 (full 0):
 garbage-first heap   total 504832K, used 250098K [0x0000000081400000, 0x0000000100000000)
  region size 1024K, 3 young (3072K), 3 survivors (3072K)
 Metaspace       used 5616K, committed 5824K, reserved 1056768K
  class space    used 562K, committed 704K, reserved 1048576K
}
Event: 1.496 GC heap before
{Heap before GC invocations=15 (full 0):
 garbage-first heap   total 504832K, used 259314K [0x0000000081400000, 0x0000000100000000)
  region size 1024K, 8 young (8192K), 3 survivors (3072K)
 Metaspace       used 5616K, committed 5824K, reserved 1056768K
  class space    used 562K, committed 704K, reserved 1048576K
}
Event: 1.499 GC heap after
{Heap after GC invocations=16 (full 0):
 garbage-first heap   total 504832K, used 255171K [0x0000000081400000, 0x0000000100000000)
  region size 1024K, 3 young (3072K), 3 survivors (3072K)
 Metaspace       used 5616K, committed 5824K, reserved 1056768K
  class space    used 562K, committed 704K, reserved 1048576K
}
Event: 1.529 GC heap before
{Heap before GC invocations=17 (full 0):
 garbage-first heap   total 504832K, used 272579K [0x0000000081400000, 0x0000000100000000)
  region size 1024K, 4 young (4096K), 3 survivors (3072K)
 Metaspace       used 5617K, committed 5824K, reserved 1056768K
  class space    used 563K, committed 704K, reserved 1048576K
}

