# JRE version: OpenJDK Runtime Environment AdoptOpenJDK (14.0.2+12) (build 14.0.2+12)
# Java VM: OpenJDK 64-Bit Server VM AdoptOpenJDK (14.0.2+12, mixed mode, sharing, tiered, compressed oops, g1 gc, windows-amd64)
Heap:
 garbage-first heap   total 262144K, used 139355K [0x0000000700a00000, 0x0000000800000000)
  region size 1024K, 19 young (19456K), 4 survivors (4096K)
 Metaspace       used 11596K, capacity 11863K, committed 12032K, reserved 1060864K
  class space    used 1302K, capacity 1442K, committed 1536K, reserved 1048576K
GC Heap History (14 events):
Event: 0.419 GC heap before
{Heap before GC invocations=0 (full 0):
 garbage-first heap   total 262144K, used 49152K [0x0000000700a00000, 0x0000000800000000)
  region size 1024K, 23 young (23552K), 0 survivors (0K)
 Metaspace       used 5223K, capacity 5388K, committed 5632K, reserved 1056768K
  class space    used 572K, capacity 675K, committed 768K, reserved 1048576K
}
Event: 0.421 GC heap after
{Heap after GC invocations=1 (full 0):
 garbage-first heap   total 262144K, used 27167K [0x0000000700a00000, 0x0000000800000000)
  region size 1024K, 2 young (2048K), 2 survivors (2048K)
 Metaspace       used 5223K, capacity 5388K, committed 5632K, reserved 1056768K
  class space    used 572K, capacity 675K, committed 768K, reserved 1048576K
}
Event: 0.570 GC heap before
{Heap before GC invocations=1 (full 0):
 garbage-first heap   total 262144K, used 102943K [0x0000000700a00000, 0x0000000800000000)
  region size 1024K, 36 young (36864K), 2 survivors (2048K)
 Metaspace       used 5232K, capacity 5452K, committed 5632K, reserved 1056768K
  class space    used 573K, capacity 675K, committed 768K, reserved 1048576K
}
Event: 0.572 GC heap after
{Heap after GC invocations=2 (full 0):
 garbage-first heap   total 262144K, used 68220K [0x0000000700a00000, 0x0000000800000000)
  region size 1024K, 2 young (2048K), 2 survivors (2048K)
 Metaspace       used 5232K, capacity 5452K, committed 5632K, reserved 1056768K
  class space    used 573K, capacity 675K, committed 768K, reserved 1048576K
}
Event: 1.010 GC heap before
{Heap before GC invocations=2 (full 0):
 garbage-first heap   total 262144K, used 168572K [0x0000000700a00000, 0x0000000800000000)
  region size 1024K, 51 young (52224K), 2 survivors (2048K)
 Metaspace       used 10330K, capacity 10540K, committed 10880K, reserved 1058816K
  class space    used 1190K, capacity 1298K, committed 1408K, reserved 1048576K
}
Event: 1.014 GC heap after
{Heap after GC invocations=3 (full 0):
 garbage-first heap   total 262144K, used 120673K [0x0000000700a00000, 0x0000000800000000)
  region size 1024K, 3 young (3072K), 3 survivors (3072K)
 Metaspace       used 10330K, capacity 10540K, committed 10880K, reserved 1058816K
  class space    used 1190K, capacity 1298K, committed 1408K, reserved 1048576K
}
Event: 1.087 GC heap before
{Heap before GC invocations=4 (full 0):
 garbage-first heap   total 262144K, used 123745K [0x0000000700a00000, 0x0000000800000000)
  region size 1024K, 5 young (5120K), 3 survivors (3072K)
 Metaspace       used 10331K, capacity 10540K, committed 10880K, reserved 1058816K
  class space    used 1190K, capacity 1298K, committed 1408K, reserved 1048576K
}
Event: 1.089 GC heap after
{Heap after GC invocations=5 (full 0):
 garbage-first heap   total 262144K, used 122786K [0x0000000700a00000, 0x0000000800000000)
  region size 1024K, 3 young (3072K), 3 survivors (3072K)
 Metaspace       used 10331K, capacity 10540K, committed 10880K, reserved 1058816K
  class space    used 1190K, capacity 1298K, committed 1408K, reserved 1048576K
}
Event: 1.099 GC heap before
{Heap before GC invocations=6 (full 0):
 garbage-first heap   total 262144K, used 124834K [0x0000000700a00000, 0x0000000800000000)
  region size 1024K, 4 young (4096K), 3 survivors (3072K)
 Metaspace       used 10604K, capacity 10828K, committed 11136K, reserved 1058816K
  class space    used 1219K, capacity 1330K, committed 1408K, reserved 1048576K
}
Event: 1.101 GC heap after
{Heap after GC invocations=7 (full 0):
 garbage-first heap   total 262144K, used 121856K [0x0000000700a00000, 0x0000000800000000)
  region size 1024K, 3 young (3072K), 3 survivors (3072K)
 Metaspace       used 10604K, capacity 10828K, committed 11136K, reserved 1058816K
  class space    used 1219K, capacity 1330K, committed 1408K, reserved 1048576K
}
Event: 1.109 GC heap before
{Heap before GC invocations=8 (full 0):
 garbage-first heap   total 262144K, used 124928K [0x0000000700a00000, 0x0000000800000000)
  region size 1024K, 4 young (4096K), 3 survivors (3072K)
 Metaspace       used 10605K, capacity 10828K, committed 11136K, reserved 1058816K
  class space    used 1219K, capacity 1330K, committed 1408K, reserved 1048576K
}
Event: 1.112 GC heap after
{Heap after GC invocations=9 (full 0):
 garbage-first heap   total 262144K, used 122880K [0x0000000700a00000, 0x0000000800000000)
  region size 1024K, 3 young (3072K), 3 survivors (3072K)
 Metaspace       used 10605K, capacity 10828K, committed 11136K, reserved 1058816K
  class space    used 1219K, capacity 1330K, committed 1408K, reserved 1048576K
}
Event: 1.167 GC heap before
{Heap before GC invocations=10 (full 0):
 garbage-first heap   total 262144K, used 124928K [0x0000000700a00000, 0x0000000800000000)
  region size 1024K, 5 young (5120K), 3 survivors (3072K)
 Metaspace       used 10605K, capacity 10828K, committed 11136K, reserved 1058816K
  class space    used 1219K, capacity 1330K, committed 1408K, reserved 1048576K
}
Event: 1.170 GC heap after
{Heap after GC invocations=11 (full 0):
 garbage-first heap   total 262144K, used 123995K [0x0000000700a00000, 0x0000000800000000)
  region size 1024K, 4 young (4096K), 4 survivors (4096K)
 Metaspace       used 10605K, capacity 10828K, committed 11136K, reserved 1058816K
  class space    used 1219K, capacity 1330K, committed 1408K, reserved 1048576K
}

